
0.14.0

  * Move banner call

    This gives a little more flexability, and it also handles the issue where banner was hijacking the help flags.

    Fixes #75

    Signed-off-by: Matt Stratton <matt.stratton@gmail.com>
  * Add proper fetching of talks

    Signed-off-by: Matt Stratton <matt.stratton@gmail.com>
  * Add small functionality to helpers.GetTalks

    It only returns the filenames right now, but it’s a start

    Signed-off-by: Matt Stratton <matt.stratton@gmail.com>
  * Fix regression with event name

    Signed-off-by: Matt Stratton <matt.stratton@gmail.com>
  * MVP of create event function

    Introduced bug - name field in YAML has the city name capitalized (it is not getting this value from the struct)

    Signed-off-by: Matt Stratton <matt.stratton@gmail.com>
  * Fix twitter field in event template

    Signed-off-by: Matt Stratton <matt.stratton@gmail.com>
  * Add helpers.CopyFile function

    Signed-off-by: Matt Stratton <matt.stratton@gmail.com>
  * Add nouns and verbs to README

    Signed-off-by: Matt Stratton <matt.stratton@gmail.com>
  * Remove dummy file
  * Adding dummy file to test auto-sign

    Signed-off-by: Matt Stratton <matt.stratton@gmail.com>
  * Add configuration for stale bot

    Signed-off-by: Matt Stratton <matt.stratton@gmail.com>
  * Fix spacing error in speaker template
  * Update event model
  * Move templates into template file
  * Implement scaffold of GetTalks function

  - Matt Stratton <matt.stratton@gmail.com>

-- Matt Stratton <matt.stratton@gmail.com>; Thu, 05 Oct 2017 11:30:16 -0500



0.13.0

  * Update README
  * Merge pull request #74 from devopsdays/add-survey

    Switch to using survey for prompts
  * Switch to using survey for prompts

    We now use the survey package, which is a lot prettier. It also handles the use of an editor for the bio, etc, which is much MUCH better.

    This commit also enables the city and year flags on the create speaker command properly.

    Fixes #72
  * Add bio for create speaker

    Also added bio to speaker model.
    Fixes #65
  * Remove old docs folder

  - Matt Stratton <matt.stratton@gmail.com>

-- Matt Stratton <matt.stratton@gmail.com>; Wed, 04 Oct 2017 12:31:17 -0500



0.12.8

  * Various cobra cleanup and added banner
  * Add speaker image creation feature
  * WIP on the speaker image functionality
  * Add coveralls
  * Add more badges
  * Fix badges

  - Matt Stratton <matt.stratton@gmail.com>

-- Matt Stratton <matt.stratton@gmail.com>; Tue, 03 Oct 2017 17:54:40 -0500



0.12.7

  * Remove bintray for now

  - Matt Stratton <matt.stratton@gmail.com>

-- Matt Stratton <matt.stratton@gmail.com>; Tue, 03 Oct 2017 02:14:14 -0500



0.12.6

  * Change to dist directory to see if travis can find it

  - Matt Stratton <matt.stratton@gmail.com>

-- Matt Stratton <matt.stratton@gmail.com>; Tue, 03 Oct 2017 02:04:05 -0500



0.12.5

  * Fix i386 upload to bintray

  - Matt Stratton <matt.stratton@gmail.com>

-- Matt Stratton <matt.stratton@gmail.com>; Tue, 03 Oct 2017 01:49:55 -0500



0.12.4

  * Whoops

  - Matt Stratton <matt.stratton@gmail.com>

-- Matt Stratton <matt.stratton@gmail.com>; Tue, 03 Oct 2017 01:43:40 -0500



0.12.3

  * Troubleshoot travis

  - Matt Stratton <matt.stratton@gmail.com>

-- Matt Stratton <matt.stratton@gmail.com>; Tue, 03 Oct 2017 01:42:23 -0500



0.12.2

  * Add rpm deploy

  - Matt Stratton <matt.stratton@gmail.com>

-- Matt Stratton <matt.stratton@gmail.com>; Tue, 03 Oct 2017 01:32:52 -0500



0.12.1

  * Small updates for deploy

  - Matt Stratton <matt.stratton@gmail.com>

-- Matt Stratton <matt.stratton@gmail.com>; Tue, 03 Oct 2017 01:15:00 -0500



0.12.0

  * Implement create speaker functionality

    Fixes #41
  * Change most tests to convey tests
  * Add some convey tests
  * Scaffold out beginnings of new speaker code
  * Remove unnecessary files
  * Merge pull request #62 from devopsdays/data-model

    Migrate to data model and use helpers package
  * Move all helpers to other package
  * Initialize model package
  * Add a couple more scaffolds to sponsor and talk

  - Matt Stratton <matt.stratton@gmail.com>

-- Matt Stratton <matt.stratton@gmail.com>; Tue, 03 Oct 2017 00:39:43 -0500



0.11.2

  * Make version script use better commit tense

  - Matt Stratton <matt.stratton@gmail.com>

-- Matt Stratton <matt.stratton@gmail.com>; Mon, 02 Oct 2017 14:18:33 -0500



0.11.1

  * Fix docs and help

  - Matt Stratton <matt.stratton@gmail.com>

-- Matt Stratton <matt.stratton@gmail.com>; Mon, 02 Oct 2017 14:12:41 -0500



0.11.0

  * Scaffold out nouns and verbs

  - Matt Stratton <matt.stratton@gmail.com>

-- Matt Stratton <matt.stratton@gmail.com>; Mon, 02 Oct 2017 13:52:36 -0500



0.10.20

  * Try fixing package name

  - Matt Stratton <matt.stratton@gmail.com>

-- Matt Stratton <matt.stratton@gmail.com>; Mon, 02 Oct 2017 09:00:44 -0500



0.10.19

  * Fix travis vars

  - Matt Stratton <matt.stratton@gmail.com>

-- Matt Stratton <matt.stratton@gmail.com>; Mon, 02 Oct 2017 08:03:34 -0500



0.10.18

  * Change to use direct API instead of CLI for bintray

  - Matt Stratton <matt.stratton@gmail.com>

-- Matt Stratton <matt.stratton@gmail.com>; Mon, 02 Oct 2017 07:56:05 -0500



0.10.17

  * Move bintray back to make

  - Matt Stratton <matt.stratton@gmail.com>

-- Matt Stratton <matt.stratton@gmail.com>; Mon, 02 Oct 2017 07:46:01 -0500



0.10.16

  * Fix up travis script

  - Matt Stratton <matt.stratton@gmail.com>

-- Matt Stratton <matt.stratton@gmail.com>; Mon, 02 Oct 2017 07:41:54 -0500



0.10.15

  * Make travis great again

  - Matt Stratton <matt.stratton@gmail.com>

-- Matt Stratton <matt.stratton@gmail.com>; Sun, 01 Oct 2017 01:17:19 -0500



0.10.14

  * Make travis simpler

  - Matt Stratton <matt.stratton@gmail.com>

-- Matt Stratton <matt.stratton@gmail.com>; Sun, 01 Oct 2017 01:14:38 -0500



0.10.13

  * Dummy commit

  - Matt Stratton <matt.stratton@gmail.com>

-- Matt Stratton <matt.stratton@gmail.com>; Sun, 01 Oct 2017 01:00:06 -0500



0.10.12

  * Remove stray junk from travis

  - Matt Stratton <matt.stratton@gmail.com>

-- Matt Stratton <matt.stratton@gmail.com>; Sun, 01 Oct 2017 00:52:50 -0500



0.10.11

  * Stupid yaml

  - Matt Stratton <matt.stratton@gmail.com>

-- Matt Stratton <matt.stratton@gmail.com>; Sun, 01 Oct 2017 00:43:13 -0500



0.10.10

  * Stupid jfrog

  - Matt Stratton <matt.stratton@gmail.com>

-- Matt Stratton <matt.stratton@gmail.com>; Sun, 01 Oct 2017 00:41:37 -0500



0.10.9

  * embed jfrog bin

  - Matt Stratton <matt.stratton@gmail.com>

-- Matt Stratton <matt.stratton@gmail.com>; Sun, 01 Oct 2017 00:35:56 -0500



0.10.8

  * Add jfrom client again

  - Matt Stratton <matt.stratton@gmail.com>

-- Matt Stratton <matt.stratton@gmail.com>; Sun, 01 Oct 2017 00:31:12 -0500



0.10.7

  * Add bintray client install to travis

  - Matt Stratton <matt.stratton@gmail.com>

-- Matt Stratton <matt.stratton@gmail.com>; Sun, 01 Oct 2017 00:24:51 -0500



0.10.6

  * Add packages to bntray upload

  - Matt Stratton <matt.stratton@gmail.com>

-- Matt Stratton <matt.stratton@gmail.com>; Sun, 01 Oct 2017 00:19:16 -0500



0.10.5

  * Add fpm back to goreleaser

  - Matt Stratton <matt.stratton@gmail.com>

-- Matt Stratton <matt.stratton@gmail.com>; Sat, 30 Sep 2017 23:08:25 -0500



0.10.4

  * Switch back to container

  - Matt Stratton <matt.stratton@gmail.com>

-- Matt Stratton <matt.stratton@gmail.com>; Sat, 30 Sep 2017 23:06:28 -0500



0.10.3

  * Fix travis - doesn't need docker login

  - Matt Stratton <matt.stratton@gmail.com>

-- Matt Stratton <matt.stratton@gmail.com>; Sat, 30 Sep 2017 22:54:03 -0500



0.10.2

  * Add DODPATH env variable to travis

  - Matt Stratton <matt.stratton@gmail.com>

-- Matt Stratton <matt.stratton@gmail.com>; Sat, 30 Sep 2017 22:10:53 -0500



0.10.1

  * Attempt docker update for fpm in travis

  - Matt Stratton <matt.stratton@gmail.com>

-- Matt Stratton <matt.stratton@gmail.com>; Sat, 30 Sep 2017 21:58:39 -0500



0.10.0

  * Make better top level verbs

    Also moved the doctor command under show config.
    Fixes #34






































































  - Matt Stratton <matt.stratton@gmail.com>

-- Matt Stratton <matt.stratton@gmail.com>; Sat, 30 Sep 2017 10:08:29 -0500



0.9.9

  * Update README with proper path to brew tap

  - Matt Stratton <matt.stratton@gmail.com>

-- Matt Stratton <matt.stratton@gmail.com>; Sat, 30 Sep 2017 04:51:10 -0500



0.9.8

  * Make README nicer

  - Matt Stratton <matt.stratton@gmail.com>

-- Matt Stratton <matt.stratton@gmail.com>; Sat, 30 Sep 2017 04:44:36 -0500



0.9.7

  * Remove fpm for now

  - Matt Stratton <matt.stratton@gmail.com>

-- Matt Stratton <matt.stratton@gmail.com>; Sat, 30 Sep 2017 04:39:29 -0500



0.9.6

  * Specify ruby in goreleaser step

  - Matt Stratton <matt.stratton@gmail.com>

-- Matt Stratton <matt.stratton@gmail.com>; Sat, 30 Sep 2017 04:26:40 -0500



0.9.5

  * More travis troubleshooting

  - Matt Stratton <matt.stratton@gmail.com>

-- Matt Stratton <matt.stratton@gmail.com>; Sat, 30 Sep 2017 04:16:35 -0500



0.9.4

  * Add ruby gems to path on travis

  - Matt Stratton <matt.stratton@gmail.com>

-- Matt Stratton <matt.stratton@gmail.com>; Sat, 30 Sep 2017 04:08:33 -0500



0.9.3

  * Troubleshoot fpm on travis

  - Matt Stratton <matt.stratton@gmail.com>

-- Matt Stratton <matt.stratton@gmail.com>; Sat, 30 Sep 2017 04:03:24 -0500



0.9.2

  * Add next step of version script

  - Matt Stratton <matt.stratton@gmail.com>

-- Matt Stratton <matt.stratton@gmail.com>; Sat, 30 Sep 2017 03:41:36 -0500



0.9.1

  * Update version script one step

  - Matt Stratton <matt.stratton@gmail.com>

-- Matt Stratton <matt.stratton@gmail.com>; Sat, 30 Sep 2017 03:40:38 -0500



0.9.0

  * Update version script

  - Matt Stratton <matt.stratton@gmail.com>

-- Matt Stratton <matt.stratton@gmail.com>; Sat, 30 Sep 2017 03:39:26 -0500



0.8.9

  * Add changelog
  * Remove old changelog
  * Remove test file
  * Fix changelog stuff
  * Extra file
  * Fix extra space in gump script
  * Add changelog and README automation

  - Matt Stratton <matt.stratton@gmail.com>

-- Matt Stratton <matt.stratton@gmail.com>; Sat, 30 Sep 2017 03:29:18 -0500



0.8.8

  * Add fpm to goreleaser again & move homebrew tap

  - Matt Stratton <matt.stratton@gmail.com>

-- Matt Stratton <matt.stratton@gmail.com>; Sat, 30 Sep 2017 03:10:55 -0500



0.8.7

  * What the eff with travis

  - Matt Stratton <matt.stratton@gmail.com>

-- Matt Stratton <matt.stratton@gmail.com>; Fri, 29 Sep 2017 15:36:01 -0500



0.8.6

  * fix travis
  * Update readme

  - Matt Stratton <matt.stratton@gmail.com>

-- Matt Stratton <matt.stratton@gmail.com>; Fri, 29 Sep 2017 15:32:32 -0500



0.8.5

  * Remove fpm stuff

  - Matt Stratton <matt.stratton@gmail.com>

-- Matt Stratton <matt.stratton@gmail.com>; Fri, 29 Sep 2017 15:22:25 -0500



0.8.4

  * fix travis?

  - Matt Stratton <matt.stratton@gmail.com>

-- Matt Stratton <matt.stratton@gmail.com>; Fri, 29 Sep 2017 15:06:24 -0500



0.8.3

  * Clean up travis

  - Matt Stratton <matt.stratton@gmail.com>

-- Matt Stratton <matt.stratton@gmail.com>; Fri, 29 Sep 2017 14:59:25 -0500



0.8.2

  * Clean up travis

  - Matt Stratton <matt.stratton@gmail.com>

-- Matt Stratton <matt.stratton@gmail.com>; Fri, 29 Sep 2017 14:57:18 -0500



0.8.1

  * Attempt packaging

  - Matt Stratton <matt.stratton@gmail.com>

-- Matt Stratton <matt.stratton@gmail.com>; Fri, 29 Sep 2017 14:53:34 -0500



0.8.0

  * Build travis
  * Add a bunch of crap
  * Revert version script
  * update version script for readme stuff
  * Add doctor and version features and much more
  * Add additional data to version command

    Fixes #23
  * Update appveyor
  * Remove changelog generator for now
  * Combine appveyor and travis
  * Merge branch 'refactor-cobra'
  * Fix version script
  * Update readme and some tools
  * add templated README
  * Update main.go with package description
  * Fix appveyor for the millionth time
  * move to after build
  * clean up via spinner idea
  * Try gh releases...AGAIN
  * Fix gh release thing for appveyor
  * remove travis deploy to test appveyor
  * Remove github-releases step
  * Try uploads
  * add some quotes for fun
  * Try quotes
  * Troubleshoot github-release
  * Try an old tagger
  * Hardcode tag for release upload
  * Try to fix upload again
  * Add beginning of new cobra
  * Use version for tag
  * Add long form tag flag
  * oh yeah, ponyville
  * try using github-release in appveyor
  * Try to force GH release upload
  * Trim down appveyor
  * Remove rdp and clone folder steps
  * Add after build troubleshooting step
  * Add rdp for troubleshooting
  * More appveyor debugging
  * Remove stupid build stupid stupid
  * hardcode msi directory pasth
  * Fix bad dir statement in appveyor command
  * Try using a build directory
  * Attempt another appveyor config
  * Try makefile artifact
  * Appveyor troubleshooting
  * Add all msi to deploy
  * Force artifact version
  * find artifacts in appveyor
  * Add artificats for appveyor
  * Clean up appveyor build
  * Add support for MSI to appveyor build
  * Appvery fun
  * Add user to appvey
  * Change to use tokens in appveyor
  * Update appveyor
  * More fun with builds
  * Remove test file
  * Try with newer github release process
  * Fix license file
  * add go get to appveyor
  * Add test file
  * Remove matt
  * Remove glide stuff
  * Dump thing
  * Update appveryer
  * Update version script with proper name
  * Add Appveyor stuff for Windows
  * Make draft release prettier
  * Add version script
  * Add homebrew tap
  * Update README with proper badge links
  * Add version into build
  * Fix mousetrap for real
  * Fix mousetrap
  * Try to fix version thing
  * Try with goreleaser again
  * Remove stray prompt junk
  * Tweak some version stuff
  * Revert use of prompt
  * Remove windows
  * Update travis
  * Merge pull request #28 from devopsdays/add-prompt

    Start using prompt
  * Start using prompt
  * Fix makefile
  * Update build scripts
  * Add poc of prompt
  * Try a release
  * Rename to devopsdays-cli
  * Fix makefile
  * Add sample data for testing
  * remove goveralls because travis failing
  * Update travis and readme
  * Change package name to devopsdays

    Fixes #26
  * Update Appveyor release stuff
  * First attempt at reflecting on TeamMembers
  * add city and year flags
  * Add function to list organizers
  * Remove tag builds since appveyor was going nuts
  * Add go get for deps in Appveyor
  * Add appveyor release step
  * Add bio to struct
  * Implement edit event command

    MVP, but it mostly works
  * First implementation of event edit
  * Merge branch 'master' of github.com:mattstratton/probablyfine
  * Put rice file in the proper location
  * Put rice file in the proper location
  * Clean up and update event data file
  * Remove goveralls step for now
  * Embed templates using rice tool
  * Make travis release properly
  * Update go version
  * Better travis trigger
  * Trigger travis verbose
  * Fix tests
  * Accomplish basic new event creation
  * Change license to MIT
  * Add doctor command to confirm hugo version
  * Refactor eventDataPath to pass in webdir
  * Add config command
  * Add setWebdir function
  * Update version command to remove Hugo
  * Add version number to Makefile
  * Merge branch 'master' of github.com:mattstratton/probablyfine
  * Add version command
  * Update README.md
  * Clean up docs and add badge
  * Merge branch 'master' of github.com:mattstratton/probablyfine
  * Implement create event (data file only)
  * Implement create event (data file only)
  * Add some documentation
  * Clean up some linting errors
  * Merge pull request #8 from mattstratton/mattstratton/implement-cobra

    Change from cli to cobra
  * Add mousetrap dep for release
  * Change from cli to cobra
  * Clean up some comments
  * Update README.md
  * Update README.md
  * Update README.md
  * Update README.md
  * Add image resizing for sponsors and move templates
  * Add command to add sponsor
  * Add year tests
  * Increment version
  * try to fix travis again
  * remove makefile
  * revert travis
  * fix travis again
  * Update travis file
  * remove releases stuff
  * Merge branch 'master' of github.com:mattstratton/probablyfine

    # Conflicts:
    #       .travis.yml
  * Making travis work
  * Making travis work
  * Add coveralls to travis
  * Add godoc comments for addEvent()
  * Add city, year, twitter validation
  * Add travis badge
  * Fix os in travis file
  * Add base travis file
  * Add badges
  * Add logo to README
  * Merge pull request #7 from mattstratton/mattstratton/golang-rewrite

    Switch from ruby to golang
  * Add some documentation
  * Add tests for validateField()
  * Write TODO content for addSponsor()
  * Add tests for cityClean and eventDataPath
  * Added command to create event
  * Add first scaffold of golang app and tests
  * Remove all ruby files and prep for golang
  * Add some more code for sponsors
  * Worked on getting some POC going of the generating event stuff
  * Add stuff to the gemspect because it beats adding functionality
  * Create sample proposal migration script
  * Scaffold out subcommands
  * Add a bunch of help stuff
  * Merge branch 'master' of github.com:mattstratton/probablyfine
  * Initial commit and scaffold
  * Initial commit

  - Matt Stratton <matt.stratton@gmail.com>

-- Matt Stratton <matt.stratton@gmail.com>; Fri, 29 Sep 2017 13:59:32 -0500


